<?xml version="1.0" encoding="UTF-8"?>
<testsuite name="RealBillingServiceTest" tests="1" skipped="0" failures="0" errors="0" timestamp="2019-06-14T12:29:13" hostname="thecodingground-RF510-RF410-RF710" time="0.003">
  <properties/>
  <testcase name="testSuccessfulCharge" classname="RealBillingServiceTest" time="0.003"/>
  <system-out><![CDATA[100
]]></system-out>
  <system-err><![CDATA[]]></system-err>
</testsuite>
