<?xml version="1.0" encoding="UTF-8"?>
<testsuite name="RealBillingServiceTest" tests="1" skipped="0" failures="0" errors="0" timestamp="2019-05-31T08:17:21" hostname="thecodingground-RF510-RF410-RF710" time="0.049">
  <properties/>
  <testcase name="testSuccessfulCharge" classname="RealBillingServiceTest" time="0.049"/>
  <system-out><![CDATA[100
InMemoryTransactionLog@445edd72
ChargeResult@fa91917
ChargeResult@fa91917
null
]]></system-out>
  <system-err><![CDATA[]]></system-err>
</testsuite>
